<?xml version="1.0" encoding="UTF-8"?>
<!-- Generated by org.testng.reporters.JUnitReportReporter -->
<testsuite hostname="DESKTOP-FJO2KO7" failures="0" tests="2" name="com.bookcart.testlayer.BookCartPriceTest" time="94.472" errors="0" timestamp="2024-03-24T16:49:42 IST" skipped="0">
  <testcase classname="com.bookcart.testlayer.BookCartPriceTest" name="verifyTotalCartPriceTest" time="40.451"/>
  <testcase classname="com.bookcart.testlayer.BookCartPriceTest" name="verifyModifyCartTest" time="54.021"/>
</testsuite> <!-- com.bookcart.testlayer.BookCartPriceTest -->
