<?xml version="1.0" encoding="UTF-8"?>
<!-- Generated by org.testng.reporters.JUnitReportReporter -->
<testsuite hostname="DESKTOP-AS3QQ1H" failures="0" tests="2" name="com.bookcart.testlayer.BookCartPriceTest" time="271.431" errors="0" timestamp="2024-04-20T14:34:52 IST" skipped="0">
  <testcase classname="com.bookcart.testlayer.BookCartPriceTest" name="verifyTotalCartPriceTest" time="160.244"/>
  <system-out/>
  <testcase classname="com.bookcart.testlayer.BookCartPriceTest" name="verifyModifyCartTest" time="111.187"/>
  <system-out/>
</testsuite> <!-- com.bookcart.testlayer.BookCartPriceTest -->
